<?xml version="1.0" encoding="UTF-8"?>
<testng-results ignored="0" total="1" passed="1" failed="0" skipped="0">
  <reporter-output>
  </reporter-output>
  <suite started-at="2023-05-13T14:43:16 IST" name="Default suite" finished-at="2023-05-13T14:43:36 IST" duration-ms="19956">
    <groups>
    </groups>
    <test started-at="2023-05-13T14:43:16 IST" name="Default test" finished-at="2023-05-13T14:43:36 IST" duration-ms="19956">
      <class name="com.actitime.Tests.errormessagestest">
        <test-method is-config="true" signature="precondition()[pri:0, instance:com.actitime.Tests.errormessagestest@2928854b]" started-at="2023-05-13T14:43:16 IST" name="precondition" finished-at="2023-05-13T14:43:36 IST" duration-ms="19802" status="PASS">
          <reporter-output>
          </reporter-output>
        </test-method> <!-- precondition -->
        <test-method signature="testerrormessages()[pri:0, instance:com.actitime.Tests.errormessagestest@2928854b]" started-at="2023-05-13T14:43:36 IST" name="testerrormessages" finished-at="2023-05-13T14:43:36 IST" duration-ms="21" status="PASS">
          <reporter-output>
          </reporter-output>
        </test-method> <!-- testerrormessages -->
        <test-method is-config="true" signature="postcondition(org.testng.ITestResult)[pri:0, instance:com.actitime.Tests.errormessagestest@2928854b]" started-at="2023-05-13T14:43:36 IST" name="postcondition" finished-at="2023-05-13T14:43:36 IST" duration-ms="117" status="PASS">
          <params>
            <param index="0">
              <value>
                <![CDATA[[TestResult name=testerrormessages status=SUCCESS method=errormessagestest.testerrormessages()[pri:0, instance:com.actitime.Tests.errormessagestest@2928854b] output={null}]]]>
              </value>
            </param>
          </params>
          <reporter-output>
          </reporter-output>
        </test-method> <!-- postcondition -->
      </class> <!-- com.actitime.Tests.errormessagestest -->
    </test> <!-- Default test -->
  </suite> <!-- Default suite -->
</testng-results>
