<?xml version="1.0" encoding="UTF-8"?>
<testng-results ignored="0" total="1" passed="1" failed="0" skipped="0">
  <reporter-output>
  </reporter-output>
  <suite started-at="2023-05-09T13:52:49 IST" name="Surefire suite" finished-at="2023-05-09T13:53:14 IST" duration-ms="24998">
    <groups>
    </groups>
    <test started-at="2023-05-09T13:52:49 IST" name="Surefire test" finished-at="2023-05-09T13:53:14 IST" duration-ms="24998">
      <class name="Test.Test1">
        <test-method signature="flightbooking()[pri:0, instance:Test.Test1@35fc6dc4]" started-at="2023-05-09T13:52:49 IST" name="flightbooking" finished-at="2023-05-09T13:53:14 IST" duration-ms="24983" status="PASS">
          <reporter-output>
          </reporter-output>
        </test-method> <!-- flightbooking -->
      </class> <!-- Test.Test1 -->
    </test> <!-- Surefire test -->
  </suite> <!-- Surefire suite -->
</testng-results>
